[2016-02-23 12:45:20] START
[2016-02-23 12:52:50] EDIT asg2/models/db.py: -8
[2016-02-23 12:52:59] EDIT asg2/models/db.py: 0
[2016-02-23 12:54:55] EDIT asg2/models/db.py: 0
[2016-02-23 12:56:10] EDIT asg2/models/db.py: 0
[2016-02-23 13:03:42] EDIT asg2/views/default/index.html: -42
[2016-02-23 13:04:56] EDIT asg2/models/db.py: 0
[2016-02-23 13:05:20] EDIT asg2/models/db.py: 0
[2016-02-23 13:06:10] EDIT asg2/models/db.py: 0
[2016-02-23 13:09:40] EDIT asg2/models/db.py: 0
[2016-02-23 13:10:10] EDIT asg2/models/db.py: 0
[2016-02-23 13:12:01] EDIT asg2/controllers/default.py: -6
[2016-02-23 13:15:16] EDIT asg2/models/db.py: 0
[2016-02-23 13:15:18] EDIT asg2/controllers/default.py: 0
[2016-02-23 13:15:20] EDIT asg2/views/default/index.html: 0
[2016-02-23 14:58:00] EDIT asg2/models/db.py: 0
[2016-02-23 15:20:34] CREATE default/show.html: 0
[2016-02-23 15:24:45] EDIT asg2/controllers/default.py: 5
[2016-02-23 15:27:16] EDIT asg2/views/default/show.html: 2
[2016-02-23 15:31:10] EDIT asg2/views/default/show.html: 0
[2016-02-23 15:39:12] EDIT asg2/views/default/show.html: 3
[2016-02-23 15:40:41] EDIT asg2/controllers/default.py: 0
[2016-02-23 15:41:26] EDIT asg2/views/default/show.html: 0
[2016-02-23 15:43:08] EDIT asg2/views/default/show.html: 3
[2016-02-23 15:48:12] EDIT asg2/views/default/show.html: 14
[2016-02-23 15:49:39] EDIT asg2/views/default/show.html: 0
[2016-02-23 16:36:52] EDIT asg2/models/db.py: 1
[2016-02-23 16:38:06] EDIT asg2/views/default/show.html: 1
[2016-02-23 16:39:05] EDIT asg2/models/db.py: 0
[2016-02-23 16:41:05] EDIT asg2/models/db.py: 0
[2016-02-23 16:42:17] EDIT asg2/models/db.py: 0
[2016-02-23 16:55:05] EDIT asg2/views/default/show.html: 0
[2016-02-23 17:04:41] EDIT asg2/views/default/show.html: 11
[2016-02-23 17:08:05] EDIT asg2/views/default/show.html: 0
[2016-02-23 17:08:37] EDIT asg2/views/default/show.html: 0
[2016-02-23 17:08:52] EDIT asg2/views/default/show.html: 0
[2016-02-23 17:11:20] EDIT asg2/views/default/show.html: 0
[2016-02-23 17:13:12] EDIT asg2/views/default/show.html: 0
[2016-02-23 17:13:47] EDIT asg2/views/default/show.html: 0
[2016-02-23 17:15:00] EDIT asg2/views/default/show.html: 0
[2016-02-23 17:18:34] EDIT asg2/controllers/default.py: 5
[2016-02-23 17:18:42] EDIT asg2/controllers/default.py: 0
[2016-02-23 17:22:20] EDIT asg2/views/default/show.html: 1
[2016-02-23 17:24:43] EDIT asg2/controllers/default.py: 1
[2016-02-23 17:31:02] EDIT asg2/views/default/show.html: 3
[2016-02-23 17:31:04] EDIT asg2/controllers/default.py: 0
[2016-02-23 17:31:06] EDIT asg2/models/db.py: 0
[2016-03-02 13:18:34] EDIT asg2/views/default/show.html: 2
[2016-03-04 09:34:22] EDIT asg2/views/default/show.html: -2
[2016-03-04 09:37:36] EDIT asg2/controllers/default.py: 0
[2016-03-04 09:40:04] EDIT asg2/views/default/show.html: 2
[2016-03-04 09:41:03] EDIT asg2/views/default/show.html: -2
[2016-03-04 09:41:46] EDIT asg2/views/default/show.html: 0
[2016-03-04 09:42:14] EDIT asg2/views/default/show.html: 0
[2016-03-04 09:42:55] EDIT asg2/views/default/show.html: 0
[2016-03-04 09:48:17] EDIT asg2/views/default/show.html: 4
[2016-03-04 09:49:14] EDIT asg2/views/default/show.html: 0
[2016-03-04 09:50:18] EDIT asg2/views/default/show.html: 0
[2016-03-04 10:03:21] EDIT asg2/views/default/show.html: 0
[2016-03-09 15:11:53] EDIT asg2/views/default/index.html: 1
[2016-03-09 15:13:02] CREATE default/add.html: 0
[2016-03-09 15:30:45] EDIT asg2/models/db.py: 0
[2016-03-09 15:33:10] EDIT asg2/models/db.py: 0
[2016-03-09 15:35:17] EDIT asg2/controllers/default.py: 8
[2016-03-09 15:35:39] EDIT asg2/views/default/add.html: 1
[2016-03-09 15:37:06] EDIT asg2/controllers/default.py: 0
[2016-03-09 15:37:36] EDIT asg2/controllers/default.py: 0
[2016-03-09 15:50:45] EDIT asg2/controllers/default.py: -4
[2016-03-09 15:50:53] EDIT asg2/views/default/add.html: -2
[2016-03-09 16:45:29] EDIT asg2/controllers/default.py: 5
[2016-03-09 16:46:48] EDIT asg2/controllers/default.py: 0
[2016-03-09 16:47:41] EDIT asg2/views/default/add.html: 1
[2016-03-09 16:58:08] EDIT asg2/controllers/default.py: 1
[2016-03-09 16:58:52] EDIT asg2/views/default/add.html: -1
[2016-03-09 16:59:01] EDIT asg2/controllers/default.py: 0
[2016-03-09 16:59:03] EDIT asg2/views/default/add.html: 0
[2016-03-09 17:01:31] EDIT asg2/controllers/default.py: 0
[2016-03-09 17:26:12] EDIT asg2/controllers/default.py: 0
[2016-03-09 17:27:20] EDIT asg2/controllers/default.py: 0
[2016-03-09 17:36:23] EDIT asg2/controllers/default.py: 0
[2016-03-09 17:37:27] EDIT asg2/controllers/default.py: 0
[2016-03-09 17:41:05] EDIT asg2/controllers/default.py: 1
[2016-03-09 17:43:21] EDIT asg2/controllers/default.py: -1
[2016-03-09 17:54:22] EDIT asg2/controllers/default.py: 1
[2016-03-09 18:06:30] EDIT asg2/controllers/default.py: -1
[2016-03-09 18:09:30] EDIT asg2/controllers/default.py: 6
[2016-03-09 18:09:46] EDIT asg2/controllers/default.py: 0
[2016-03-09 18:09:47] EDIT asg2/views/default/index.html: 0
[2016-03-09 18:10:15] EDIT asg2/views/default/index.html: 0
[2016-03-09 18:10:17] EDIT asg2/controllers/default.py: 0
[2016-03-09 18:10:19] EDIT asg2/views/default/add.html: 0
[2016-03-09 18:10:21] EDIT asg2/models/db.py: 0
[2016-03-09 18:10:58] CREATE default/upload.html: 0
[2016-03-09 18:12:40] EDIT asg2/views/default/upload.html: 0
[2016-03-09 18:13:39] EDIT asg2/views/default/upload.html: 0
[2016-03-09 18:14:20] EDIT asg2/controllers/default.py: 0
[2016-03-09 18:15:55] EDIT asg2/controllers/default.py: 0
[2016-03-09 18:17:21] EDIT asg2/views/default/upload.html: 0
[2016-03-09 18:19:45] EDIT asg2/views/default/upload.html: 0
[2016-03-09 18:21:25] EDIT asg2/views/default/upload.html: 0
[2016-03-09 18:22:56] EDIT asg2/models/db.py: 2
[2016-03-09 18:24:10] EDIT asg2/controllers/default.py: 1
[2016-03-09 18:24:39] EDIT asg2/controllers/default.py: 7
[2016-03-09 18:28:44] EDIT asg2/views/default/show.html: 9
[2016-03-09 18:31:53] EDIT asg2/controllers/default.py: 0
[2016-03-09 18:34:12] EDIT asg2/views/default/show.html: 0
[2016-03-09 18:35:19] EDIT asg2/controllers/default.py: 2
[2016-03-09 18:38:18] EDIT asg2/views/default/show.html: 0
[2016-03-09 18:39:06] EDIT asg2/views/default/show.html: 2
[2016-03-09 18:43:54] EDIT asg2/views/default/show.html: 1
[2016-03-09 18:45:20] EDIT asg2/views/default/show.html: 2
[2016-03-09 18:49:14] EDIT asg2/views/default/show.html: 0
[2016-03-09 18:50:46] EDIT asg2/views/default/show.html: 0
[2016-03-09 18:56:16] EDIT asg2/views/default/show.html: 0
[2016-03-09 19:01:18] EDIT asg2/views/default/show.html: 0
[2016-03-09 19:01:35] EDIT asg2/views/default/show.html: 0
[2016-03-09 19:04:28] EDIT asg2/views/default/show.html: 0
[2016-03-09 19:06:35] EDIT asg2/views/default/show.html: 12
[2016-03-09 19:07:36] EDIT asg2/views/default/show.html: 0
[2016-03-09 19:11:27] EDIT asg2/views/default/show.html: 2
[2016-03-09 19:14:30] EDIT asg2/views/default/show.html: -2
[2016-03-09 19:15:28] EDIT asg2/views/default/show.html: 0
[2016-03-09 19:16:21] EDIT asg2/views/default/show.html: 0
[2016-03-09 19:16:40] EDIT asg2/views/default/show.html: 0
[2016-03-09 19:18:05] EDIT asg2/controllers/default.py: 1
[2016-03-09 19:18:21] EDIT asg2/controllers/default.py: 0
[2016-03-09 19:19:21] EDIT asg2/views/default/add.html: 3
[2016-03-09 19:19:49] EDIT asg2/views/default/upload.html: 3
[2016-03-09 19:19:53] EDIT asg2/views/default/upload.html: 0
